<?xml version="1.0" encoding="UTF-8"?>
<testng-results ignored="0" total="1" passed="1" failed="0" skipped="0">
  <reporter-output>
  </reporter-output>
  <suite started-at="2022-03-19T18:31:51 IST" name="Default suite" finished-at="2022-03-19T18:33:30 IST" duration-ms="98737">
    <groups>
    </groups>
    <test started-at="2022-03-19T18:31:51 IST" name="Default test" finished-at="2022-03-19T18:33:30 IST" duration-ms="98737">
      <class name="com.sgtesting.actitime.driverscript.DriverScript">
        <test-method is-config="true" signature="loadFiles()[pri:0, instance:com.sgtesting.actitime.driverscript.DriverScript@273e7444]" started-at="2022-03-19T18:31:51 IST" name="loadFiles" finished-at="2022-03-19T18:31:51 IST" duration-ms="10" status="PASS">
          <reporter-output>
          </reporter-output>
        </test-method> <!-- loadFiles -->
        <test-method signature="executeTestScenarios()[pri:0, instance:com.sgtesting.actitime.driverscript.DriverScript@273e7444]" started-at="2022-03-19T18:31:51 IST" name="executeTestScenarios" finished-at="2022-03-19T18:33:30 IST" duration-ms="98679" status="PASS">
          <reporter-output>
          </reporter-output>
        </test-method> <!-- executeTestScenarios -->
      </class> <!-- com.sgtesting.actitime.driverscript.DriverScript -->
    </test> <!-- Default test -->
  </suite> <!-- Default suite -->
</testng-results>
